<?xml version="1.0" encoding="UTF-8"?>
<!-- Generated by org.testng.reporters.JUnitReportReporter -->
<testsuite name="TestCases.Testcase1" tests="1" time="5.577" ignored="0" failures="0" timestamp="09 Aug 2019 11:27:06 GMT" skipped="0" hostname="USHYDRKARAMK2" errors="0">
  <testcase name="loginTest" time="5.577" classname="TestCases.Testcase1"/>
</testsuite> <!-- TestCases.Testcase1 -->
